2024-03-13 17:58:31.473 INFO  (main) [c: s: r: x: t:] o.e.j.s.Server jetty-10.0.19; built: 2023-12-15T20:38:32.477Z; git: 8492d1c78f122bb30cce20aecfa07e7283facd47; jvm 17.0.10+7
2024-03-13 17:58:31.642 WARN  (main) [c: s: r: x: t:] o.e.j.u.DeprecationWarning Using @Deprecated Class org.eclipse.jetty.servlet.listener.ELContextCleaner
2024-03-13 17:58:31.658 INFO  (main) [c: s: r: x: t:] o.a.s.s.CoreContainerProvider Using logger factory org.apache.logging.slf4j.Log4jLoggerFactory
2024-03-13 17:58:31.663 INFO  (main) [c: s: r: x: t:] o.a.s.s.CoreContainerProvider  ___      _       Welcome to Apache Solr™ version 9.5.0
2024-03-13 17:58:31.663 INFO  (main) [c: s: r: x: t:] o.a.s.s.CoreContainerProvider / __| ___| |_ _   Starting in standalone mode on port 8983
2024-03-13 17:58:31.663 INFO  (main) [c: s: r: x: t:] o.a.s.s.CoreContainerProvider \__ \/ _ \ | '_|  Install dir: /opt/solr-9.5.0
2024-03-13 17:58:31.663 INFO  (main) [c: s: r: x: t:] o.a.s.s.CoreContainerProvider |___/\___/_|_|    Start time: 2024-03-13T17:58:31.663471081Z
2024-03-13 17:58:31.665 INFO  (main) [c: s: r: x: t:] o.a.s.s.CoreContainerProvider Solr started with "-XX:+CrashOnOutOfMemoryError" that will crash on any OutOfMemoryError exception. The cause of the OOME will be logged in the crash file at the following path: /var/solr/logs/jvm_crash_12.log
2024-03-13 17:58:31.677 INFO  (main) [c: s: r: x: t:] o.a.s.s.CoreContainerProvider Solr Home: /var/solr/data (source: system property: solr.solr.home)
2024-03-13 17:58:31.689 INFO  (main) [c: s: r: x: t:] o.a.s.c.SolrXmlConfig Loading solr.xml from /var/solr/data/solr.xml
2024-03-13 17:58:31.720 INFO  (main) [c: s: r: x: t:] o.a.s.c.SolrResourceLoader Added 1 libs to classloader, from paths: [/opt/solr-9.5.0/lib]
2024-03-13 17:58:32.080 INFO  (main) [c: s: r: x: t:] o.a.s.u.t.SimplePropagator Always-on trace id generation enabled.
2024-03-13 17:58:32.090 WARN  (main) [c: s: r: x: t:] o.a.s.h.c.HttpShardHandlerFactory Property 'shardsWhitelist' is deprecated, please use 'allowUrls' instead.
2024-03-13 17:58:32.243 WARN  (main) [c: s: r: x: t:] o.a.s.u.StartupLoggingUtils Jetty request logging enabled. Will retain logs for last 3 days. See chapter "Configuring Logging" in reference guide for how to configure.
2024-03-13 17:58:32.245 WARN  (main) [c: s: r: x: t:] o.a.s.c.CoreContainer Not all security plugins configured!  authentication=disabled authorization=disabled.  Solr is only as secure as you make it. Consider configuring authentication/authorization before exposing Solr to users internal or external.  See https://s.apache.org/solrsecurity for more info
2024-03-13 17:58:32.469 INFO  (main) [c: s: r: x: t:] o.a.s.c.CorePropertiesLocator Found 1 core definitions underneath /var/solr/data
2024-03-13 17:58:32.469 INFO  (main) [c: s: r: x: t:] o.a.s.c.CorePropertiesLocator Cores are: [geotaste_restaurant]
2024-03-13 17:58:32.503 INFO  (coreLoadExecutor-11-thread-1) [c: s: r: x:geotaste_restaurant t:] o.a.s.c.SolrConfig Using Lucene MatchVersion: 9.9.0
2024-03-13 17:58:32.551 INFO  (coreLoadExecutor-11-thread-1) [c: s: r: x:geotaste_restaurant t:] o.a.s.s.IndexSchema Schema name=default-config
2024-03-13 17:58:32.574 WARN  (main) [c: s: r: x: t:] o.g.j.m.i.MessagingBinders A class jakarta.activation.DataSource for a default provider MessageBodyWriter<jakarta.activation.DataSource> was not found. The provider is not available.
2024-03-13 17:58:32.708 INFO  (main) [c: s: r: x: t:] o.a.s.j.SolrRequestAuthorizer Creating a new SolrRequestAuthorizer
2024-03-13 17:58:32.780 INFO  (main) [c: s: r: x: t:] o.e.j.s.h.ContextHandler Started o.e.j.w.WebAppContext@655a5d9c{solr-jetty-context.xml,/solr,file:///opt/solr-9.5.0/server/solr-webapp/webapp/,AVAILABLE}{/opt/solr-9.5.0/server/solr-webapp/webapp}
2024-03-13 17:58:32.785 INFO  (main) [c: s: r: x: t:] o.e.j.s.RequestLogWriter Opened /var/solr/logs/2024_03_13.request.log
2024-03-13 17:58:32.789 INFO  (main) [c: s: r: x: t:] o.e.j.s.AbstractConnector Started ServerConnector@2b95e48b{HTTP/1.1, (http/1.1, h2c)}{0.0.0.0:8983}
2024-03-13 17:58:32.789 INFO  (main) [c: s: r: x: t:] o.e.j.s.Server Started Server@376a312c{STARTING}[10.0.19,sto=0] @2037ms
2024-03-13 17:58:33.131 INFO  (coreLoadExecutor-11-thread-1) [c: s: r: x:geotaste_restaurant t:] o.a.s.s.IndexSchema Loaded schema default-config/1.6 with uniqueid field id
2024-03-13 17:58:33.131 INFO  (coreLoadExecutor-11-thread-1) [c: s: r: x:geotaste_restaurant t:] o.a.s.c.CoreContainer Creating SolrCore 'geotaste_restaurant' using configuration from instancedir /var/solr/data/geotaste_restaurant, trusted=true
2024-03-13 17:58:33.156 INFO  (coreLoadExecutor-11-thread-1) [c: s: r: x:geotaste_restaurant t:] o.a.s.c.SolrCore Opening new SolrCore at [/var/solr/data/geotaste_restaurant], dataDir=[/var/solr/data/geotaste_restaurant/data/]
2024-03-13 17:58:33.533 INFO  (coreLoadExecutor-11-thread-1) [c: s: r: x:geotaste_restaurant t:] o.a.s.j.SolrRequestAuthorizer Creating a new SolrRequestAuthorizer
2024-03-13 17:58:33.544 INFO  (coreLoadExecutor-11-thread-1) [c: s: r: x:geotaste_restaurant t:] o.a.s.u.UpdateHandler Using UpdateLog implementation: org.apache.solr.update.UpdateLog
2024-03-13 17:58:33.544 INFO  (coreLoadExecutor-11-thread-1) [c: s: r: x:geotaste_restaurant t:] o.a.s.u.UpdateLog Initializing UpdateLog: dataDir= defaultSyncLevel=FLUSH numRecordsToKeep=100 maxNumLogsToKeep=10 numVersionBuckets=65536
2024-03-13 17:58:33.604 INFO  (coreLoadExecutor-11-thread-1) [c: s: r: x:geotaste_restaurant t:] o.a.s.u.CommitTracker Hard AutoCommit: if uncommitted for 15000ms; 
2024-03-13 17:58:33.604 INFO  (coreLoadExecutor-11-thread-1) [c: s: r: x:geotaste_restaurant t:] o.a.s.u.CommitTracker Soft AutoCommit: if uncommitted for 3000ms; 
2024-03-13 17:58:33.797 INFO  (coreLoadExecutor-11-thread-1) [c: s: r: x:geotaste_restaurant t:] o.a.s.r.ManagedResourceStorage File-based storage initialized to use dir: /var/solr/data/geotaste_restaurant/conf
2024-03-13 17:58:33.804 INFO  (coreLoadExecutor-11-thread-1) [c: s: r: x:geotaste_restaurant t:] o.a.s.s.DirectSolrSpellChecker init: {name=default, field=_text_, classname=solr.DirectSolrSpellChecker, distanceMeasure=internal, maxEdits=2, minPrefix=1, maxInspections=5, minQueryLength=4, accuracy=0.5, maxQueryFrequency=0.01}
2024-03-13 17:58:33.807 INFO  (coreLoadExecutor-11-thread-1) [c: s: r: x:geotaste_restaurant t:] o.a.s.h.ReplicationHandler Commits will be reserved for 10000 ms
2024-03-13 17:58:33.808 INFO  (searcherExecutor-13-thread-1-processing-geotaste_restaurant) [c: s: r: x:geotaste_restaurant t:] o.a.s.c.QuerySenderListener QuerySenderListener done.
2024-03-13 17:58:33.808 INFO  (searcherExecutor-13-thread-1-processing-geotaste_restaurant) [c: s: r: x:geotaste_restaurant t:] o.a.s.h.c.SpellCheckComponent Loading spell index for spellchecker: default
2024-03-13 17:58:33.810 INFO  (searcherExecutor-13-thread-1-processing-geotaste_restaurant) [c: s: r: x:geotaste_restaurant t:] o.a.s.c.SolrCore Registered new searcher autowarm time: 0 ms
2024-03-13 18:50:38.971 INFO  (JettyShutdownThread) [c: s: r: x: t:] o.e.j.s.Server Stopped Server@376a312c{STOPPING}[10.0.19,sto=0]
2024-03-13 18:50:38.974 INFO  (JettyShutdownThread) [c: s: r: x: t:] o.e.j.s.AbstractConnector Stopped ServerConnector@2b95e48b{HTTP/1.1, (http/1.1, h2c)}{0.0.0.0:8983}
2024-03-13 18:50:38.983 INFO  (JettyShutdownThread) [c: s: r: x: t:] o.a.s.c.CoreContainer Shutting down CoreContainer instance=1231696346
2024-03-13 18:50:38.984 INFO  (coreCloseExecutor-19-thread-1) [c: s: r: x:geotaste_restaurant t:] o.a.s.c.SolrCore CLOSING SolrCore org.apache.solr.core.SolrCore@3bd250b8 geotaste_restaurant
2024-03-13 18:50:38.985 INFO  (coreCloseExecutor-19-thread-1) [c: s: r: x:geotaste_restaurant t:] o.a.s.m.SolrMetricManager Closing metric reporters for registry=solr.core.geotaste_restaurant tag=SolrCore@3bd250b8
2024-03-13 18:50:39.011 INFO  (coreCloseExecutor-19-thread-1) [c: s: r: x:geotaste_restaurant t:] o.a.s.u.DirectUpdateHandler2 Committing on IndexWriter.close()  ... SKIPPED (unnecessary).
2024-03-13 18:50:39.027 INFO  (JettyShutdownThread) [c: s: r: x: t:] o.a.s.m.SolrMetricManager Closing metric reporters for registry=solr.node tag=null
2024-03-13 18:50:39.034 INFO  (JettyShutdownThread) [c: s: r: x: t:] o.a.s.m.SolrMetricManager Closing metric reporters for registry=solr.jvm tag=null
2024-03-13 18:50:39.037 INFO  (JettyShutdownThread) [c: s: r: x: t:] o.a.s.m.SolrMetricManager Closing metric reporters for registry=solr.jetty tag=null
2024-03-13 18:50:39.042 INFO  (JettyShutdownThread) [c: s: r: x: t:] o.e.j.s.h.ContextHandler Stopped o.e.j.w.WebAppContext@655a5d9c{solr-jetty-context.xml,/solr,null,STOPPED}{/opt/solr-9.5.0/server/solr-webapp/webapp}
